<?xml version="1.0" encoding="utf-8"?><testsuites><testsuite name="pytest" errors="0" failures="0" skipped="0" tests="5" time="0.071" timestamp="2023-02-28T22:59:29.079877" hostname="patricia-ThinkPad-E470"><testcase classname="tests.test_bytebank.TestClass" name="test_quando_idade_recebe_06_04_1992_deve_retornar_31" time="0.002" /><testcase classname="tests.test_bytebank.TestClass" name="test_quando_sobrenome_recebe_Patricia_Murotani_deve_retornar_Murotani" time="0.001" /><testcase classname="tests.test_bytebank.TestClass" name="test_quando_decrescimo_salario_recebe_100000_deve_retornar_90000" time="0.001" /><testcase classname="tests.test_bytebank.TestClass" name="test_quando_calcular_bonus_recebe_1000_deve_retornar_100" time="0.001" /><testcase classname="tests.test_bytebank.TestClass" name="test_quando_calcular_bonus_recebe_1000000_deve_retornar_exception" time="0.001" /></testsuite></testsuites>